  MyUpdate.c
d:\github\myupdate\myupdate\mysql-connector-c-noinstall-6.0.2-win32\include\mysql_com.h(268): error C2061: 구문 오류: 식별자 'SOCKET'
d:\github\myupdate\myupdate\mysql-connector-c-noinstall-6.0.2-win32\include\mysql_com.h(304): error C2059: 구문 오류: '}'
d:\github\myupdate\myupdate\mysql-connector-c-noinstall-6.0.2-win32\include\mysql_com.h(418): error C2143: 구문 오류: ')'이(가) '*' 앞에 없습니다.
d:\github\myupdate\myupdate\mysql-connector-c-noinstall-6.0.2-win32\include\mysql_com.h(418): error C2143: 구문 오류: '{'이(가) '*' 앞에 없습니다.
d:\github\myupdate\myupdate\mysql-connector-c-noinstall-6.0.2-win32\include\mysql_com.h(418): error C2371: 'Vio': 재정의. 기본 형식이 다릅니다.
  d:\github\myupdate\myupdate\mysql-connector-c-noinstall-6.0.2-win32\include\mysql_com.h(254): note: 'Vio' 선언을 참조하십시오.
d:\github\myupdate\myupdate\mysql-connector-c-noinstall-6.0.2-win32\include\mysql_com.h(418): error C2143: 구문 오류: ';'이(가) '*' 앞에 없습니다.
d:\github\myupdate\myupdate\mysql-connector-c-noinstall-6.0.2-win32\include\mysql_com.h(418): error C2059: 구문 오류: ')'
d:\github\myupdate\myupdate\mysql-connector-c-noinstall-6.0.2-win32\include\mysql_com.h(419): error C2143: 구문 오류: ')'이(가) '*' 앞에 없습니다.
d:\github\myupdate\myupdate\mysql-connector-c-noinstall-6.0.2-win32\include\mysql_com.h(419): error C2143: 구문 오류: '{'이(가) '*' 앞에 없습니다.
d:\github\myupdate\myupdate\mysql-connector-c-noinstall-6.0.2-win32\include\mysql_com.h(419): error C2059: 구문 오류: ')'
d:\github\myupdate\myupdate\mysql-connector-c-noinstall-6.0.2-win32\include\mysql_com.h(420): error C2143: 구문 오류: ')'이(가) '*' 앞에 없습니다.
d:\github\myupdate\myupdate\mysql-connector-c-noinstall-6.0.2-win32\include\mysql_com.h(420): error C2143: 구문 오류: '{'이(가) '*' 앞에 없습니다.
d:\github\myupdate\myupdate\mysql-connector-c-noinstall-6.0.2-win32\include\mysql_com.h(420): error C2059: 구문 오류: ')'
d:\github\myupdate\myupdate\mysql-connector-c-noinstall-6.0.2-win32\include\mysql_com.h(421): error C2143: 구문 오류: ')'이(가) '*' 앞에 없습니다.
d:\github\myupdate\myupdate\mysql-connector-c-noinstall-6.0.2-win32\include\mysql_com.h(421): error C2143: 구문 오류: '{'이(가) '*' 앞에 없습니다.
d:\github\myupdate\myupdate\mysql-connector-c-noinstall-6.0.2-win32\include\mysql_com.h(421): error C2371: 'my_bool': 재정의. 기본 형식이 다릅니다.
  d:\github\myupdate\myupdate\mysql-connector-c-noinstall-6.0.2-win32\include\mysql.h(51): note: 'my_bool' 선언을 참조하십시오.
d:\github\myupdate\myupdate\mysql-connector-c-noinstall-6.0.2-win32\include\mysql_com.h(421): error C2146: 구문 오류: ';'이(가) 'clear_buffer' 식별자 앞에 없습니다.
d:\github\myupdate\myupdate\mysql-connector-c-noinstall-6.0.2-win32\include\mysql_com.h(421): error C2059: 구문 오류: ')'
d:\github\myupdate\myupdate\mysql-connector-c-noinstall-6.0.2-win32\include\mysql_com.h(422): error C2143: 구문 오류: ')'이(가) '*' 앞에 없습니다.
d:\github\myupdate\myupdate\mysql-connector-c-noinstall-6.0.2-win32\include\mysql_com.h(422): error C2143: 구문 오류: '{'이(가) '*' 앞에 없습니다.
d:\github\myupdate\myupdate\mysql-connector-c-noinstall-6.0.2-win32\include\mysql_com.h(422): warning C4142: 'size_t': 형식이 재정의되었지만 심각하지는 않습니다.
  c:\program files (x86)\microsoft visual studio\2017\community\vc\tools\msvc\14.10.25017\include\vcruntime.h(198): note: 'size_t' 선언을 참조하십시오.
d:\github\myupdate\myupdate\mysql-connector-c-noinstall-6.0.2-win32\include\mysql_com.h(422): error C2370: 'size_t': 재정의. 저장소 클래스가 다릅니다.
  c:\program files (x86)\microsoft visual studio\2017\community\vc\tools\msvc\14.10.25017\include\vcruntime.h(198): note: 'size_t' 선언을 참조하십시오.
d:\github\myupdate\myupdate\mysql-connector-c-noinstall-6.0.2-win32\include\mysql_com.h(422): error C2146: 구문 오류: ';'이(가) 'length' 식별자 앞에 없습니다.
d:\github\myupdate\myupdate\mysql-connector-c-noinstall-6.0.2-win32\include\mysql_com.h(422): error C2059: 구문 오류: ')'
d:\github\myupdate\myupdate\mysql-connector-c-noinstall-6.0.2-win32\include\mysql_com.h(422): warning C4142: 'length': 형식이 재정의되었지만 심각하지는 않습니다.
  d:\github\myupdate\myupdate\mysql-connector-c-noinstall-6.0.2-win32\include\mysql_com.h(274): note: 'length' 선언을 참조하십시오.
d:\github\myupdate\myupdate\mysql-connector-c-noinstall-6.0.2-win32\include\mysql_com.h(423): error C2143: 구문 오류: ')'이(가) '*' 앞에 없습니다.
d:\github\myupdate\myupdate\mysql-connector-c-noinstall-6.0.2-win32\include\mysql_com.h(423): error C2143: 구문 오류: '{'이(가) '*' 앞에 없습니다.
d:\github\myupdate\myupdate\mysql-connector-c-noinstall-6.0.2-win32\include\mysql_com.h(423): error C2059: 구문 오류: ')'
d:\github\myupdate\myupdate\mysql-connector-c-noinstall-6.0.2-win32\include\mysql_com.h(424): error C2143: 구문 오류: ')'이(가) '*' 앞에 없습니다.
d:\github\myupdate\myupdate\mysql-connector-c-noinstall-6.0.2-win32\include\mysql_com.h(424): error C2143: 구문 오류: '{'이(가) '*' 앞에 없습니다.
d:\github\myupdate\myupdate\mysql-connector-c-noinstall-6.0.2-win32\include\mysql_com.h(424): error C2059: 구문 오류: '형식'
d:\github\myupdate\myupdate\mysql-connector-c-noinstall-6.0.2-win32\include\mysql_com.h(424): error C2059: 구문 오류: ')'
d:\github\myupdate\myupdate\mysql-connector-c-noinstall-6.0.2-win32\include\mysql_com.h(425): error C2143: 구문 오류: ')'이(가) '*' 앞에 없습니다.
d:\github\myupdate\myupdate\mysql-connector-c-noinstall-6.0.2-win32\include\mysql_com.h(425): error C2143: 구문 오류: '{'이(가) '*' 앞에 없습니다.
d:\github\myupdate\myupdate\mysql-connector-c-noinstall-6.0.2-win32\include\mysql_com.h(425): error C2059: 구문 오류: '형식'
d:\github\myupdate\myupdate\mysql-connector-c-noinstall-6.0.2-win32\include\mysql_com.h(427): error C2059: 구문 오류: ')'
d:\github\myupdate\myupdate\mysql-connector-c-noinstall-6.0.2-win32\include\mysql_com.h(428): error C2143: 구문 오류: ')'이(가) '*' 앞에 없습니다.
d:\github\myupdate\myupdate\mysql-connector-c-noinstall-6.0.2-win32\include\mysql_com.h(428): error C2143: 구문 오류: '{'이(가) '*' 앞에 없습니다.
d:\github\myupdate\myupdate\mysql-connector-c-noinstall-6.0.2-win32\include\mysql_com.h(428): error C2059: 구문 오류: '형식'
d:\github\myupdate\myupdate\mysql-connector-c-noinstall-6.0.2-win32\include\mysql_com.h(428): error C2059: 구문 오류: ')'
d:\github\myupdate\myupdate\mysql-connector-c-noinstall-6.0.2-win32\include\mysql_com.h(429): error C2143: 구문 오류: ')'이(가) '*' 앞에 없습니다.
d:\github\myupdate\myupdate\mysql-connector-c-noinstall-6.0.2-win32\include\mysql_com.h(429): error C2143: 구문 오류: '{'이(가) '*' 앞에 없습니다.
d:\github\myupdate\myupdate\mysql-connector-c-noinstall-6.0.2-win32\include\mysql_com.h(429): error C2059: 구문 오류: ')'
d:\github\myupdate\myupdate\mysql-connector-c-noinstall-6.0.2-win32\include\mysql_com.h(437): error C2146: 구문 오류: ')'이(가) 's' 식별자 앞에 없습니다.
d:\github\myupdate\myupdate\mysql-connector-c-noinstall-6.0.2-win32\include\mysql_com.h(437): error C2061: 구문 오류: 식별자 's'
d:\github\myupdate\myupdate\mysql-connector-c-noinstall-6.0.2-win32\include\mysql_com.h(437): error C2059: 구문 오류: ';'
d:\github\myupdate\myupdate\mysql-connector-c-noinstall-6.0.2-win32\include\mysql_com.h(437): error C2059: 구문 오류: ','
d:\github\myupdate\myupdate\mysql-connector-c-noinstall-6.0.2-win32\include\mysql_com.h(438): error C2059: 구문 오류: ')'
d:\github\myupdate\myupdate\mysql-connector-c-noinstall-6.0.2-win32\include\mysql.h(237): error C2061: 구문 오류: 식별자 'NET'
d:\github\myupdate\myupdate\mysql-connector-c-noinstall-6.0.2-win32\include\mysql.h(262): error C2365: 'scramble': 재정의: 이전 정의는 '함수'입니다.
  d:\github\myupdate\myupdate\mysql-connector-c-noinstall-6.0.2-win32\include\mysql_com.h(511): note: 'scramble' 선언을 참조하십시오.
d:\github\myupdate\myupdate\mysql-connector-c-noinstall-6.0.2-win32\include\mysql.h(264): error C2040: 'unused2': 'void *'의 간접 참조 수준이 'my_bool'과(와) 다릅니다.
d:\github\myupdate\myupdate\mysql-connector-c-noinstall-6.0.2-win32\include\mysql.h(264): error C2040: 'unused3': 'void *'의 간접 참조 수준이 'my_bool'과(와) 다릅니다.
d:\github\myupdate\myupdate\mysql-connector-c-noinstall-6.0.2-win32\include\mysql.h(264): error C2040: 'unused4': 'void *'의 간접 참조 수준이 'my_bool'과(와) 다릅니다.
d:\github\myupdate\myupdate\mysql-connector-c-noinstall-6.0.2-win32\include\mysql.h(264): error C2040: 'unused5': 'void *'의 간접 참조 수준이 'my_bool'과(와) 다릅니다.
d:\github\myupdate\myupdate\mysql-connector-c-noinstall-6.0.2-win32\include\mysql.h(277): error C2059: 구문 오류: '}'
d:\github\myupdate\myupdate\mysql-connector-c-noinstall-6.0.2-win32\include\mysql.h(286): error C2061: 구문 오류: 식별자 'MYSQL'
d:\github\myupdate\myupdate\mysql-connector-c-noinstall-6.0.2-win32\include\mysql.h(296): error C2059: 구문 오류: '}'
d:\github\myupdate\myupdate\mysql-connector-c-noinstall-6.0.2-win32\include\mysql.h(352): error C2143: 구문 오류: ')'이(가) '*' 앞에 없습니다.
d:\github\myupdate\myupdate\mysql-connector-c-noinstall-6.0.2-win32\include\mysql.h(352): error C2143: 구문 오류: '{'이(가) '*' 앞에 없습니다.
d:\github\myupdate\myupdate\mysql-connector-c-noinstall-6.0.2-win32\include\mysql.h(352): error C2059: 구문 오류: ')'
d:\github\myupdate\myupdate\mysql-connector-c-noinstall-6.0.2-win32\include\mysql.h(353): error C2143: 구문 오류: ')'이(가) '*' 앞에 없습니다.
d:\github\myupdate\myupdate\mysql-connector-c-noinstall-6.0.2-win32\include\mysql.h(353): error C2143: 구문 오류: '{'이(가) '*' 앞에 없습니다.
d:\github\myupdate\myupdate\mysql-connector-c-noinstall-6.0.2-win32\include\mysql.h(353): error C2059: 구문 오류: ')'
d:\github\myupdate\myupdate\mysql-connector-c-noinstall-6.0.2-win32\include\mysql.h(354): error C2143: 구문 오류: ')'이(가) '*' 앞에 없습니다.
d:\github\myupdate\myupdate\mysql-connector-c-noinstall-6.0.2-win32\include\mysql.h(354): error C2143: 구문 오류: '{'이(가) '*' 앞에 없습니다.
d:\github\myupdate\myupdate\mysql-connector-c-noinstall-6.0.2-win32\include\mysql.h(354): error C2059: 구문 오류: ')'
d:\github\myupdate\myupdate\mysql-connector-c-noinstall-6.0.2-win32\include\mysql.h(355): error C2143: 구문 오류: ')'이(가) '*' 앞에 없습니다.
d:\github\myupdate\myupdate\mysql-connector-c-noinstall-6.0.2-win32\include\mysql.h(355): error C2143: 구문 오류: '{'이(가) '*' 앞에 없습니다.
d:\github\myupdate\myupdate\mysql-connector-c-noinstall-6.0.2-win32\include\mysql.h(356): error C2059: 구문 오류: '형식'
d:\github\myupdate\myupdate\mysql-connector-c-noinstall-6.0.2-win32\include\mysql.h(356): error C2059: 구문 오류: ')'
d:\github\myupdate\myupdate\mysql-connector-c-noinstall-6.0.2-win32\include\mysql.h(357): error C2143: 구문 오류: ')'이(가) '*' 앞에 없습니다.
d:\github\myupdate\myupdate\mysql-connector-c-noinstall-6.0.2-win32\include\mysql.h(357): error C2143: 구문 오류: '{'이(가) '*' 앞에 없습니다.
d:\github\myupdate\myupdate\mysql-connector-c-noinstall-6.0.2-win32\include\mysql.h(357): error C2059: 구문 오류: ')'
d:\github\myupdate\myupdate\mysql-connector-c-noinstall-6.0.2-win32\include\mysql.h(358): error C2143: 구문 오류: ')'이(가) '*' 앞에 없습니다.
d:\github\myupdate\myupdate\mysql-connector-c-noinstall-6.0.2-win32\include\mysql.h(358): error C2143: 구문 오류: '{'이(가) '*' 앞에 없습니다.
d:\github\myupdate\myupdate\mysql-connector-c-noinstall-6.0.2-win32\include\mysql.h(358): error C2059: 구문 오류: ')'
d:\github\myupdate\myupdate\mysql-connector-c-noinstall-6.0.2-win32\include\mysql.h(359): error C2143: 구문 오류: ')'이(가) '*' 앞에 없습니다.
d:\github\myupdate\myupdate\mysql-connector-c-noinstall-6.0.2-win32\include\mysql.h(359): error C2143: 구문 오류: '{'이(가) '*' 앞에 없습니다.
d:\github\myupdate\myupdate\mysql-connector-c-noinstall-6.0.2-win32\include\mysql.h(359): error C2059: 구문 오류: ')'
d:\github\myupdate\myupdate\mysql-connector-c-noinstall-6.0.2-win32\include\mysql.h(361): error C2143: 구문 오류: ')'이(가) '*' 앞에 없습니다.
d:\github\myupdate\myupdate\mysql-connector-c-noinstall-6.0.2-win32\include\mysql.h(361): error C2143: 구문 오류: '{'이(가) '*' 앞에 없습니다.
d:\github\myupdate\myupdate\mysql-connector-c-noinstall-6.0.2-win32\include\mysql.h(361): error C2059: 구문 오류: ')'
d:\github\myupdate\myupdate\mysql-connector-c-noinstall-6.0.2-win32\include\mysql.h(362): error C2143: 구문 오류: ')'이(가) '*' 앞에 없습니다.
d:\github\myupdate\myupdate\mysql-connector-c-noinstall-6.0.2-win32\include\mysql.h(362): error C2143: 구문 오류: '{'이(가) '*' 앞에 없습니다.
d:\github\myupdate\myupdate\mysql-connector-c-noinstall-6.0.2-win32\include\mysql.h(362): error C2059: 구문 오류: ')'
d:\github\myupdate\myupdate\mysql-connector-c-noinstall-6.0.2-win32\include\mysql.h(363): error C2143: 구문 오류: ')'이(가) '*' 앞에 없습니다.
d:\github\myupdate\myupdate\mysql-connector-c-noinstall-6.0.2-win32\include\mysql.h(363): error C2143: 구문 오류: '{'이(가) '*' 앞에 없습니다.
d:\github\myupdate\myupdate\mysql-connector-c-noinstall-6.0.2-win32\include\mysql.h(363): error C2059: 구문 오류: ')'
d:\github\myupdate\myupdate\mysql-connector-c-noinstall-6.0.2-win32\include\mysql.h(364): error C2143: 구문 오류: ')'이(가) '*' 앞에 없습니다.
d:\github\myupdate\myupdate\mysql-connector-c-noinstall-6.0.2-win32\include\mysql.h(364): error C2143: 구문 오류: '{'이(가) '*' 앞에 없습니다.
d:\github\myupdate\myupdate\mysql-connector-c-noinstall-6.0.2-win32\include\mysql.h(364): error C2059: 구문 오류: ')'
d:\github\myupdate\myupdate\mysql-connector-c-noinstall-6.0.2-win32\include\mysql.h(365): error C2143: 구문 오류: ')'이(가) '*' 앞에 없습니다.
d:\github\myupdate\myupdate\mysql-connector-c-noinstall-6.0.2-win32\include\mysql.h(365): error C2143: 구문 오류: '{'이(가) '*' 앞에 없습니다.
d:\github\myupdate\myupdate\mysql-connector-c-noinstall-6.0.2-win32\include\mysql.h(365): error C2059: 구문 오류: ')'
d:\github\myupdate\myupdate\mysql-connector-c-noinstall-6.0.2-win32\include\mysql.h(366): error C2143: 구문 오류: ')'이(가) '*' 앞에 없습니다.
d:\github\myupdate\myupdate\mysql-connector-c-noinstall-6.0.2-win32\include\mysql.h(366): error C2143: 구문 오류: '{'이(가) '*' 앞에 없습니다.
d:\github\myupdate\myupdate\mysql-connector-c-noinstall-6.0.2-win32\include\mysql.h(366): error C2059: 구문 오류: ')'
d:\github\myupdate\myupdate\mysql-connector-c-noinstall-6.0.2-win32\include\mysql.h(367): error C2143: 구문 오류: ')'이(가) '*' 앞에 없습니다.
d:\github\myupdate\myupdate\mysql-connector-c-noinstall-6.0.2-win32\include\mysql.h(367): error C2143: 구문 오류: '{'이(가) '*' 앞에 없습니다.
d:\github\myupdate\myupdate\mysql-connector-c-noinstall-6.0.2-win32\include\mysql.h(367): error C2059: 구문 오류: ')'
d:\github\myupdate\myupdate\mysql-connector-c-noinstall-6.0.2-win32\include\mysql.h(368): error C2143: 구문 오류: ')'이(가) '*' 앞에 없습니다.
d:\github\myupdate\myupdate\mysql-connector-c-noinstall-6.0.2-win32\include\mysql.h(368): error C2143: 구문 오류: '{'이(가) '*' 앞에 없습니다.
d:\github\myupdate\myupdate\mysql-connector-c-noinstall-6.0.2-win32\include\mysql.h(368): error C2059: 구문 오류: ')'
d:\github\myupdate\myupdate\mysql-connector-c-noinstall-6.0.2-win32\include\mysql.h(368): fatal error C1003: 오류 수가 100개를 초과했습니다. 컴파일을 중지합니다.
